{"/home/bstateha/github/bretstateham/quadeq/src/lib/index.ts": {"path":"/home/bstateha/github/bretstateham/quadeq/src/lib/index.ts","statementMap":{},"fnMap":{},"branchMap":{},"s":{},"f":{},"b":{},"meta":{"lastBranch":0,"lastFunction":0,"lastStatement":0,"seen":{}}}
,"/home/bstateha/github/bretstateham/quadeq/src/lib/math/quadratic.ts": {"path":"/home/bstateha/github/bretstateham/quadeq/src/lib/math/quadratic.ts","statementMap":{"0":{"start":{"line":3,"column":16},"end":{"line":3,"column":null}},"1":{"start":{"line":6,"column":2},"end":{"line":6,"column":null}},"2":{"start":{"line":10,"column":2},"end":{"line":10,"column":null}},"3":{"start":{"line":10,"column":32},"end":{"line":10,"column":null}},"4":{"start":{"line":11,"column":18},"end":{"line":11,"column":null}},"5":{"start":{"line":12,"column":2},"end":{"line":12,"column":null}},"6":{"start":{"line":16,"column":22},"end":{"line":16,"column":null}},"7":{"start":{"line":18,"column":2},"end":{"line":20,"column":null}},"8":{"start":{"line":19,"column":4},"end":{"line":19,"column":null}},"9":{"start":{"line":22,"column":23},"end":{"line":22,"column":null}},"10":{"start":{"line":23,"column":18},"end":{"line":23,"column":null}},"11":{"start":{"line":24,"column":18},"end":{"line":24,"column":null}},"12":{"start":{"line":26,"column":36},"end":{"line":26,"column":null}},"13":{"start":{"line":28,"column":2},"end":{"line":36,"column":null}},"14":{"start":{"line":29,"column":18},"end":{"line":29,"column":null}},"15":{"start":{"line":30,"column":4},"end":{"line":33,"column":null}},"16":{"start":{"line":34,"column":2},"end":{"line":36,"column":null}},"17":{"start":{"line":35,"column":4},"end":{"line":35,"column":null}},"18":{"start":{"line":38,"column":2},"end":{"line":47,"column":null}},"19":{"start":{"line":51,"column":22},"end":{"line":51,"column":null}},"20":{"start":{"line":52,"column":18},"end":{"line":52,"column":null}},"21":{"start":{"line":53,"column":18},"end":{"line":53,"column":null}},"22":{"start":{"line":55,"column":2},"end":{"line":61,"column":null}},"23":{"start":{"line":71,"column":2},"end":{"line":80,"column":null}},"24":{"start":{"line":84,"column":2},"end":{"line":89,"column":null}},"25":{"start":{"line":99,"column":4},"end":{"line":103,"column":null}},"26":{"start":{"line":105,"column":2},"end":{"line":111,"column":null}},"27":{"start":{"line":115,"column":2},"end":{"line":117,"column":null}},"28":{"start":{"line":116,"column":4},"end":{"line":116,"column":null}},"29":{"start":{"line":119,"column":2},"end":{"line":126,"column":null}},"30":{"start":{"line":120,"column":14},"end":{"line":120,"column":null}},"31":{"start":{"line":121,"column":4},"end":{"line":125,"column":null}},"32":{"start":{"line":128,"column":16},"end":{"line":128,"column":null}},"33":{"start":{"line":129,"column":8},"end":{"line":129,"column":null}},"34":{"start":{"line":130,"column":8},"end":{"line":130,"column":null}},"35":{"start":{"line":132,"column":2},"end":{"line":139,"column":null}},"36":{"start":{"line":148,"column":2},"end":{"line":157,"column":null}}},"fnMap":{"0":{"name":"isEffectivelyZero","decl":{"start":{"line":5,"column":16},"end":{"line":5,"column":34}},"loc":{"start":{"line":5,"column":58},"end":{"line":7,"column":null}},"line":5},"1":{"name":"roundForDisplay","decl":{"start":{"line":9,"column":16},"end":{"line":9,"column":32}},"loc":{"start":{"line":9,"column":77},"end":{"line":13,"column":null}},"line":9},"2":{"name":"solveQuadratic","decl":{"start":{"line":15,"column":16},"end":{"line":15,"column":31}},"loc":{"start":{"line":15,"column":78},"end":{"line":48,"column":null}},"line":15},"3":{"name":"generateSteps","decl":{"start":{"line":50,"column":9},"end":{"line":50,"column":23}},"loc":{"start":{"line":50,"column":80},"end":{"line":62,"column":null}},"line":50},"4":{"name":"generateVertexSteps","decl":{"start":{"line":64,"column":9},"end":{"line":64,"column":null}},"loc":{"start":{"line":70,"column":12},"end":{"line":81,"column":null}},"line":70},"5":{"name":"generateYInterceptSteps","decl":{"start":{"line":83,"column":9},"end":{"line":83,"column":33}},"loc":{"start":{"line":83,"column":54},"end":{"line":90,"column":null}},"line":83},"6":{"name":"generateDiscriminantSteps","decl":{"start":{"line":92,"column":9},"end":{"line":92,"column":null}},"loc":{"start":{"line":97,"column":12},"end":{"line":112,"column":null}},"line":97},"7":{"name":"generateXInterceptSteps","decl":{"start":{"line":114,"column":9},"end":{"line":114,"column":33}},"loc":{"start":{"line":114,"column":76},"end":{"line":140,"column":null}},"line":114},"8":{"name":"generateQuadraticFormulaSteps","decl":{"start":{"line":142,"column":9},"end":{"line":142,"column":null}},"loc":{"start":{"line":147,"column":12},"end":{"line":158,"column":null}},"line":147}},"branchMap":{"0":{"loc":{"start":{"line":9,"column":47},"end":{"line":9,"column":77}},"type":"default-arg","locations":[{"start":{"line":9,"column":66},"end":{"line":9,"column":77}}],"line":9},"1":{"loc":{"start":{"line":10,"column":2},"end":{"line":10,"column":null}},"type":"if","locations":[{"start":{"line":10,"column":2},"end":{"line":10,"column":null}},{"start":{},"end":{}}],"line":10},"2":{"loc":{"start":{"line":18,"column":2},"end":{"line":20,"column":null}},"type":"if","locations":[{"start":{"line":18,"column":2},"end":{"line":20,"column":null}},{"start":{},"end":{}}],"line":18},"3":{"loc":{"start":{"line":28,"column":2},"end":{"line":36,"column":null}},"type":"if","locations":[{"start":{"line":28,"column":2},"end":{"line":36,"column":null}},{"start":{"line":34,"column":2},"end":{"line":36,"column":null}}],"line":28},"4":{"loc":{"start":{"line":34,"column":2},"end":{"line":36,"column":null}},"type":"if","locations":[{"start":{"line":34,"column":2},"end":{"line":36,"column":null}},{"start":{},"end":{}}],"line":34},"5":{"loc":{"start":{"line":99,"column":4},"end":{"line":103,"column":null}},"type":"cond-expr","locations":[{"start":{"line":100,"column":8},"end":{"line":100,"column":null}},{"start":{"line":101,"column":8},"end":{"line":103,"column":null}}],"line":99},"6":{"loc":{"start":{"line":101,"column":8},"end":{"line":103,"column":null}},"type":"cond-expr","locations":[{"start":{"line":102,"column":10},"end":{"line":102,"column":null}},{"start":{"line":103,"column":10},"end":{"line":103,"column":null}}],"line":101},"7":{"loc":{"start":{"line":115,"column":2},"end":{"line":117,"column":null}},"type":"if","locations":[{"start":{"line":115,"column":2},"end":{"line":117,"column":null}},{"start":{},"end":{}}],"line":115},"8":{"loc":{"start":{"line":119,"column":2},"end":{"line":126,"column":null}},"type":"if","locations":[{"start":{"line":119,"column":2},"end":{"line":126,"column":null}},{"start":{},"end":{}}],"line":119},"9":{"loc":{"start":{"line":154,"column":4},"end":{"line":156,"column":null}},"type":"cond-expr","locations":[{"start":{"line":155,"column":8},"end":{"line":155,"column":null}},{"start":{"line":156,"column":8},"end":{"line":156,"column":null}}],"line":154}},"s":{"0":1,"1":146,"2":122,"3":37,"4":85,"5":85,"6":11,"7":11,"8":1,"9":10,"10":10,"11":10,"12":10,"13":10,"14":4,"15":4,"16":6,"17":4,"18":10,"19":10,"20":10,"21":10,"22":10,"23":10,"24":10,"25":10,"26":10,"27":10,"28":2,"29":8,"30":4,"31":4,"32":4,"33":4,"34":4,"35":4,"36":10},"f":{"0":146,"1":122,"2":11,"3":10,"4":10,"5":10,"6":10,"7":10,"8":10},"b":{"0":[122],"1":[37,85],"2":[1,10],"3":[4,6],"4":[4,2],"5":[4,6],"6":[4,2],"7":[2,8],"8":[4,4],"9":[8,2]},"meta":{"lastBranch":10,"lastFunction":9,"lastStatement":37,"seen":{"s:3:16:3:Infinity":0,"f:5:16:5:34":0,"s:6:2:6:Infinity":1,"f:9:16:9:32":1,"b:9:66:9:77":0,"b:10:2:10:Infinity:undefined:undefined:undefined:undefined":1,"s:10:2:10:Infinity":2,"s:10:32:10:Infinity":3,"s:11:18:11:Infinity":4,"s:12:2:12:Infinity":5,"f:15:16:15:31":2,"s:16:22:16:Infinity":6,"b:18:2:20:Infinity:undefined:undefined:undefined:undefined":2,"s:18:2:20:Infinity":7,"s:19:4:19:Infinity":8,"s:22:23:22:Infinity":9,"s:23:18:23:Infinity":10,"s:24:18:24:Infinity":11,"s:26:36:26:Infinity":12,"b:28:2:36:Infinity:34:2:36:Infinity":3,"s:28:2:36:Infinity":13,"s:29:18:29:Infinity":14,"s:30:4:33:Infinity":15,"b:34:2:36:Infinity:undefined:undefined:undefined:undefined":4,"s:34:2:36:Infinity":16,"s:35:4:35:Infinity":17,"s:38:2:47:Infinity":18,"f:50:9:50:23":3,"s:51:22:51:Infinity":19,"s:52:18:52:Infinity":20,"s:53:18:53:Infinity":21,"s:55:2:61:Infinity":22,"f:64:9:64:Infinity":4,"s:71:2:80:Infinity":23,"f:83:9:83:33":5,"s:84:2:89:Infinity":24,"f:92:9:92:Infinity":6,"s:99:4:103:Infinity":25,"b:100:8:100:Infinity:101:8:103:Infinity":5,"b:102:10:102:Infinity:103:10:103:Infinity":6,"s:105:2:111:Infinity":26,"f:114:9:114:33":7,"b:115:2:117:Infinity:undefined:undefined:undefined:undefined":7,"s:115:2:117:Infinity":27,"s:116:4:116:Infinity":28,"b:119:2:126:Infinity:undefined:undefined:undefined:undefined":8,"s:119:2:126:Infinity":29,"s:120:14:120:Infinity":30,"s:121:4:125:Infinity":31,"s:128:16:128:Infinity":32,"s:129:8:129:Infinity":33,"s:130:8:130:Infinity":34,"s:132:2:139:Infinity":35,"f:142:9:142:Infinity":8,"s:148:2:157:Infinity":36,"b:155:8:155:Infinity:156:8:156:Infinity":9}}}
,"/home/bstateha/github/bretstateham/quadeq/src/lib/math/types.ts": {"path":"/home/bstateha/github/bretstateham/quadeq/src/lib/math/types.ts","statementMap":{},"fnMap":{},"branchMap":{},"s":{},"f":{},"b":{},"meta":{"lastBranch":0,"lastFunction":0,"lastStatement":0,"seen":{}}}
}
